TN:
SF:/Users/marcel/workspace/mediaman/tmp-responsive/src/mm-responsive-image.component.ts
FN:14,(anonymous_2)
FN:5,MmResponsiveImageComponent
FN:40,(anonymous_4)
FN:41,(anonymous_5)
FN:49,(anonymous_6)
FN:53,(anonymous_7)
FNF:6
FNH:6
FNDA:1,(anonymous_2)
FNDA:10,MmResponsiveImageComponent
FNDA:4,(anonymous_4)
FNDA:10,(anonymous_5)
FNDA:1,(anonymous_6)
FNDA:4,(anonymous_7)
DA:1,1
DA:14,1
DA:19,1
DA:24,11
DA:30,11
DA:35,11
DA:40,4
DA:41,10
DA:43,4
DA:44,3
DA:48,4
DA:49,1
DA:50,1
DA:51,1
DA:53,1
DA:54,4
DA:56,1
DA:58,1
DA:62,1
LF:19
LH:19
BRDA:43,0,0,3
BRDA:43,0,1,1
BRDA:43,1,0,4
BRDA:43,1,1,4
BRDA:48,2,0,1
BRDA:48,2,1,3
BRF:6
BRH:6
end_of_record
